<html>
<head>
<title>TestNG:  SmokeTest</title>
<link href="../testng.css" rel="stylesheet" type="text/css" />
<link href="../my-testng.css" rel="stylesheet" type="text/css" />

<style type="text/css">
.log { display: none;} 
.stack-trace { display: none;} 
</style>
<script type="text/javascript">
<!--
function flip(e) {
  current = e.style.display;
  if (current == 'block') {
    e.style.display = 'none';
    return 0;
  }
  else {
    e.style.display = 'block';
    return 1;
  }
}

function toggleBox(szDivId, elem, msg1, msg2)
{
  var res = -1;  if (document.getElementById) {
    res = flip(document.getElementById(szDivId));
  }
  else if (document.all) {
    // this is the way old msie versions work
    res = flip(document.all[szDivId]);
  }
  if(elem) {
    if(res == 0) elem.innerHTML = msg1; else elem.innerHTML = msg2;
  }

}

function toggleAllBoxes() {
  if (document.getElementsByTagName) {
    d = document.getElementsByTagName('div');
    for (i = 0; i < d.length; i++) {
      if (d[i].className == 'log') {
        flip(d[i]);
      }
    }
  }
}

// -->
</script>

</head>
<body>
<h2 align='center'>SmokeTest</h2><table border='1' align="center">
<tr>
<td>Tests passed/Failed/Skipped:</td><td>1/1/0</td>
</tr><tr>
<td>Started on:</td><td>Wed Feb 16 16:22:18 EST 2022</td>
</tr>
<tr><td>Total time:</td><td>97 seconds (97425 ms)</td>
</tr><tr>
<td>Included groups:</td><td></td>
</tr><tr>
<td>Excluded groups:</td><td></td>
</tr>
</table><p/>
<small><i>(Hover the method name to see the test class name)</i></small><p/>
<table width='100%' border='1' class='invocation-failed'>
<tr><td colspan='4' align='center'><b>FAILED TESTS</b></td></tr>
<tr><td><b>Test method</b></td>
<td width="30%"><b>Exception</b></td>
<td width="10%"><b>Time (seconds)</b></td>
<td><b>Instance</b></td>
</tr>
<tr>
<td title='com.qa.verizon.signin.SignInTestClass.pageTest()'><b>pageTest</b><br>Test class: com.qa.verizon.signin.SignInTestClass<br/>
<a href="#Output-936261188" onClick='toggleBox("Output-936261188", this, "Show output", "Hide output");'>Show output</a>

<a href="#Output-936261188" onClick="toggleAllBoxes();">Show all outputs</a>
<div class='log' id="Output-936261188">
[[ChromeDriver: chrome on WINDOWS (3e402d93c9ef4970e66f0027b6ea157b)] -> xpath: (//span[normalize-space(text())='Sign in'])[1]]Clicked<br/>
[[ChromeDriver: chrome on WINDOWS (3e402d93c9ef4970e66f0027b6ea157b)] -> xpath: //a[@id='gnav20-sign-id-list-item-3' and @class='gnav20-dropdown-list-item']]Clicked<br/>
Proxy element for: DefaultElementLocator 'By.xpath: //button[@class='btn-lg btn-common btn-black']'Clicked<br/>
Actual value :Verify your Identity expected value is <br/>
</div>
</td>
<td><div><pre>java.lang.AssertionError: expected [] but found [Verify your Identity]
	at verizon.qa.common.CommonMethods.getText(CommonMethods.java:45)
	at verizon.qa.pages.VerifyIdentityPage.getVerifyText(VerifyIdentityPage.java:30)
	at verizon.qa.pages.VerifyIdentityPage.verifyIdentityPageSteps(VerifyIdentityPage.java:53)
	at com.qa.verizon.signin.SignInTestClass.pageTest(SignInTestClass.java:53)
... Removed 31 stack frames</pre></div><a href='#' onClick='toggleBox("stack-trace936261188", this, "Click to show all stack frames", "Click to hide stack frames")'>Click to show all stack frames</a>
<div class='stack-trace' id='stack-trace936261188'><pre>java.lang.AssertionError: expected [] but found [Verify your Identity]
	at org.testng.Assert.fail(Assert.java:96)
	at org.testng.Assert.failNotEquals(Assert.java:776)
	at org.testng.Assert.assertEqualsImpl(Assert.java:137)
	at org.testng.Assert.assertEquals(Assert.java:118)
	at org.testng.Assert.assertEquals(Assert.java:453)
	at org.testng.Assert.assertEquals(Assert.java:463)
	at verizon.qa.common.CommonMethods.getText(CommonMethods.java:45)
	at verizon.qa.pages.VerifyIdentityPage.getVerifyText(VerifyIdentityPage.java:30)
	at verizon.qa.pages.VerifyIdentityPage.verifyIdentityPageSteps(VerifyIdentityPage.java:53)
	at com.qa.verizon.signin.SignInTestClass.pageTest(SignInTestClass.java:53)
	at sun.reflect.NativeMethodAccessorImpl.invoke0(Native Method)
	at sun.reflect.NativeMethodAccessorImpl.invoke(NativeMethodAccessorImpl.java:62)
	at sun.reflect.DelegatingMethodAccessorImpl.invoke(DelegatingMethodAccessorImpl.java:43)
	at java.lang.reflect.Method.invoke(Method.java:498)
	at org.testng.internal.MethodInvocationHelper.invokeMethod(MethodInvocationHelper.java:124)
	at org.testng.internal.Invoker.invokeMethod(Invoker.java:583)
	at org.testng.internal.Invoker.invokeTestMethod(Invoker.java:719)
	at org.testng.internal.Invoker.invokeTestMethods(Invoker.java:989)
	at org.testng.internal.TestMethodWorker.invokeTestMethods(TestMethodWorker.java:125)
	at org.testng.internal.TestMethodWorker.run(TestMethodWorker.java:109)
	at org.testng.TestRunner.privateRun(TestRunner.java:648)
	at org.testng.TestRunner.run(TestRunner.java:505)
	at org.testng.SuiteRunner.runTest(SuiteRunner.java:455)
	at org.testng.SuiteRunner.runSequentially(SuiteRunner.java:450)
	at org.testng.SuiteRunner.privateRun(SuiteRunner.java:415)
	at org.testng.SuiteRunner.run(SuiteRunner.java:364)
	at org.testng.SuiteRunnerWorker.runSuite(SuiteRunnerWorker.java:52)
	at org.testng.SuiteRunnerWorker.run(SuiteRunnerWorker.java:84)
	at org.testng.TestNG.runSuitesSequentially(TestNG.java:1208)
	at org.testng.TestNG.runSuitesLocally(TestNG.java:1137)
	at org.testng.TestNG.runSuites(TestNG.java:1049)
	at org.testng.TestNG.run(TestNG.java:1017)
	at org.testng.remote.AbstractRemoteTestNG.run(AbstractRemoteTestNG.java:115)
	at org.testng.remote.RemoteTestNG.initAndRun(RemoteTestNG.java:251)
	at org.testng.remote.RemoteTestNG.main(RemoteTestNG.java:77)
</pre></div></td>
<td>17</td>
<td>com.qa.verizon.signin.SignInTestClass@6e0dec4a</td></tr>
</table><p>
<table width='100%' border='1' class='invocation-passed'>
<tr><td colspan='4' align='center'><b>PASSED TESTS</b></td></tr>
<tr><td><b>Test method</b></td>
<td width="30%"><b>Exception</b></td>
<td width="10%"><b>Time (seconds)</b></td>
<td><b>Instance</b></td>
</tr>
<tr>
<td title='com.qa.verizon.shop.ShopTest.shopTest()'><b>shopTest</b><br>Test class: com.qa.verizon.shop.ShopTest<br/>
<a href="#Output-133177937" onClick='toggleBox("Output-133177937", this, "Show output", "Hide output");'>Show output</a>

<a href="#Output-133177937" onClick="toggleAllBoxes();">Show all outputs</a>
<div class='log' id="Output-133177937">
[[ChromeDriver: chrome on WINDOWS (1c86827b4833e70581053cb73939b95a)] -> xpath: //button[@id='gnav20-Shop-L1' and @class='gnav20-menu-label gnav20-menu-label-button gnav20-haschild']]Clicked<br/>
[[ChromeDriver: chrome on WINDOWS (1c86827b4833e70581053cb73939b95a)] -> xpath: //a[@id='gnav20-Shop-L2-2']//parent::li]Clicked<br/>
[[ChromeDriver: chrome on WINDOWS (1c86827b4833e70581053cb73939b95a)] -> id: gnav20-Shop-L3-38]Clicked<br/>
[[ChromeDriver: chrome on WINDOWS (1c86827b4833e70581053cb73939b95a)] -> xpath: (//span[contains( .,'Apple')])[3]]Clicked<br/>
Scrolling down to  0 to 250 pixel )<br/>
Scrolling up to 250 to 0 pixel<br/>
Scrolling down to  0 to 250 pixel )<br/>
Proxy element for: DefaultElementLocator 'By.xpath: //span[contains(.,'Apple iPhone 8 Plus (Certified Pre-Owned)')]'Clicked<br/>
</div>
</td>
<td></td>
<td>48</td>
<td>com.qa.verizon.shop.ShopTest@56528192</td></tr>
</table><p>
</body>
</html>