<?xml version="1.0" encoding="UTF-8"?>
<testng-results skipped="0" failed="1" ignored="4" total="6" passed="1">
  <reporter-output>
    <line>
      <![CDATA[[[ChromeDriver: chrome on WINDOWS (1c86827b4833e70581053cb73939b95a)] -> xpath: //button[@id='gnav20-Shop-L1' and @class='gnav20-menu-label gnav20-menu-label-button gnav20-haschild']]Clicked]]>
    </line>
    <line>
      <![CDATA[[[ChromeDriver: chrome on WINDOWS (1c86827b4833e70581053cb73939b95a)] -> xpath: //a[@id='gnav20-Shop-L2-2']//parent::li]Clicked]]>
    </line>
    <line>
      <![CDATA[[[ChromeDriver: chrome on WINDOWS (1c86827b4833e70581053cb73939b95a)] -> id: gnav20-Shop-L3-38]Clicked]]>
    </line>
    <line>
      <![CDATA[[[ChromeDriver: chrome on WINDOWS (1c86827b4833e70581053cb73939b95a)] -> xpath: (//span[contains( .,'Apple')])[3]]Clicked]]>
    </line>
    <line>
      <![CDATA[Scrolling down to  0 to 250 pixel )]]>
    </line>
    <line>
      <![CDATA[Scrolling up to 250 to 0 pixel]]>
    </line>
    <line>
      <![CDATA[Scrolling down to  0 to 250 pixel )]]>
    </line>
    <line>
      <![CDATA[Proxy element for: DefaultElementLocator 'By.xpath: //span[contains(.,'Apple iPhone 8 Plus (Certified Pre-Owned)')]'Clicked]]>
    </line>
    <line>
      <![CDATA[[[ChromeDriver: chrome on WINDOWS (3e402d93c9ef4970e66f0027b6ea157b)] -> xpath: (//span[normalize-space(text())='Sign in'])[1]]Clicked]]>
    </line>
    <line>
      <![CDATA[[[ChromeDriver: chrome on WINDOWS (3e402d93c9ef4970e66f0027b6ea157b)] -> xpath: //a[@id='gnav20-sign-id-list-item-3' and @class='gnav20-dropdown-list-item']]Clicked]]>
    </line>
    <line>
      <![CDATA[Proxy element for: DefaultElementLocator 'By.xpath: //button[@class='btn-lg btn-common btn-black']'Clicked]]>
    </line>
    <line>
      <![CDATA[Actual value :Verify your Identity expected value is ]]>
    </line>
    <line>
      <![CDATA[Error occured!! 
Screenshot has been saved]]>
    </line>
  </reporter-output>
  <suite name="SmokeSuite" duration-ms="97425" started-at="2022-02-16T21:22:18Z" finished-at="2022-02-16T21:23:55Z">
    <groups>
    </groups>
    <test name="SmokeTest" duration-ms="97425" started-at="2022-02-16T21:22:18Z" finished-at="2022-02-16T21:23:55Z">
      <class name="com.qa.verizon.signin.SignInTestClass">
        <test-method status="PASS" signature="beforeEachTest(java.lang.reflect.Method, [Ljava.lang.Object;)[pri:0, instance:com.qa.verizon.signin.SignInTestClass@6e0dec4a]" name="beforeEachTest" is-config="true" duration-ms="1" started-at="2022-02-16T21:23:22Z" finished-at="2022-02-16T21:23:22Z">
          <params>
            <param index="0">
              <value>
                <![CDATA[public void com.qa.verizon.signin.SignInTestClass.pageTest()]]>
              </value>
            </param>
            <param index="1">
              <value>
                <![CDATA[[Ljava.lang.Object;@5ef6fd7f]]>
              </value>
            </param>
          </params>
          <reporter-output>
          </reporter-output>
        </test-method> <!-- beforeEachTest -->
        <test-method status="PASS" signature="setUp()[pri:0, instance:com.qa.verizon.signin.SignInTestClass@6e0dec4a]" name="setUp" is-config="true" duration-ms="14185" started-at="2022-02-16T21:23:22Z" finished-at="2022-02-16T21:23:36Z">
          <reporter-output>
          </reporter-output>
        </test-method> <!-- setUp -->
        <test-method status="FAIL" signature="pageTest()[pri:0, instance:com.qa.verizon.signin.SignInTestClass@6e0dec4a]" name="pageTest" duration-ms="17435" started-at="2022-02-16T21:23:36Z" finished-at="2022-02-16T21:23:53Z">
          <exception class="java.lang.AssertionError">
            <message>
              <![CDATA[expected [] but found [Verify your Identity]]]>
            </message>
            <full-stacktrace>
              <![CDATA[java.lang.AssertionError: expected [] but found [Verify your Identity]
at org.testng.Assert.fail(Assert.java:96)
at org.testng.Assert.failNotEquals(Assert.java:776)
at org.testng.Assert.assertEqualsImpl(Assert.java:137)
at org.testng.Assert.assertEquals(Assert.java:118)
at org.testng.Assert.assertEquals(Assert.java:453)
at org.testng.Assert.assertEquals(Assert.java:463)
at verizon.qa.common.CommonMethods.getText(CommonMethods.java:45)
at verizon.qa.pages.VerifyIdentityPage.getVerifyText(VerifyIdentityPage.java:30)
at verizon.qa.pages.VerifyIdentityPage.verifyIdentityPageSteps(VerifyIdentityPage.java:53)
at com.qa.verizon.signin.SignInTestClass.pageTest(SignInTestClass.java:53)
at sun.reflect.NativeMethodAccessorImpl.invoke0(Native Method)
at sun.reflect.NativeMethodAccessorImpl.invoke(NativeMethodAccessorImpl.java:62)
at sun.reflect.DelegatingMethodAccessorImpl.invoke(DelegatingMethodAccessorImpl.java:43)
at java.lang.reflect.Method.invoke(Method.java:498)
at org.testng.internal.MethodInvocationHelper.invokeMethod(MethodInvocationHelper.java:124)
at org.testng.internal.Invoker.invokeMethod(Invoker.java:583)
at org.testng.internal.Invoker.invokeTestMethod(Invoker.java:719)
at org.testng.internal.Invoker.invokeTestMethods(Invoker.java:989)
at org.testng.internal.TestMethodWorker.invokeTestMethods(TestMethodWorker.java:125)
at org.testng.internal.TestMethodWorker.run(TestMethodWorker.java:109)
at org.testng.TestRunner.privateRun(TestRunner.java:648)
at org.testng.TestRunner.run(TestRunner.java:505)
at org.testng.SuiteRunner.runTest(SuiteRunner.java:455)
at org.testng.SuiteRunner.runSequentially(SuiteRunner.java:450)
at org.testng.SuiteRunner.privateRun(SuiteRunner.java:415)
at org.testng.SuiteRunner.run(SuiteRunner.java:364)
at org.testng.SuiteRunnerWorker.runSuite(SuiteRunnerWorker.java:52)
at org.testng.SuiteRunnerWorker.run(SuiteRunnerWorker.java:84)
at org.testng.TestNG.runSuitesSequentially(TestNG.java:1208)
at org.testng.TestNG.runSuitesLocally(TestNG.java:1137)
at org.testng.TestNG.runSuites(TestNG.java:1049)
at org.testng.TestNG.run(TestNG.java:1017)
at org.testng.remote.AbstractRemoteTestNG.run(AbstractRemoteTestNG.java:115)
at org.testng.remote.RemoteTestNG.initAndRun(RemoteTestNG.java:251)
at org.testng.remote.RemoteTestNG.main(RemoteTestNG.java:77)
]]>
            </full-stacktrace>
          </exception> <!-- java.lang.AssertionError -->
          <reporter-output>
            <line>
              <![CDATA[[[ChromeDriver: chrome on WINDOWS (3e402d93c9ef4970e66f0027b6ea157b)] -> xpath: (//span[normalize-space(text())='Sign in'])[1]]Clicked]]>
            </line>
            <line>
              <![CDATA[[[ChromeDriver: chrome on WINDOWS (3e402d93c9ef4970e66f0027b6ea157b)] -> xpath: //a[@id='gnav20-sign-id-list-item-3' and @class='gnav20-dropdown-list-item']]Clicked]]>
            </line>
            <line>
              <![CDATA[Proxy element for: DefaultElementLocator 'By.xpath: //button[@class='btn-lg btn-common btn-black']'Clicked]]>
            </line>
            <line>
              <![CDATA[Actual value :Verify your Identity expected value is ]]>
            </line>
          </reporter-output>
        </test-method> <!-- pageTest -->
        <test-method status="PASS" signature="afterEachTest(org.testng.ITestResult)[pri:0, instance:com.qa.verizon.signin.SignInTestClass@6e0dec4a]" name="afterEachTest" is-config="true" duration-ms="1676" started-at="2022-02-16T21:23:53Z" finished-at="2022-02-16T21:23:55Z">
          <params>
            <param index="0">
              <value>
                <![CDATA[[TestResult name=pageTest status=FAILURE method=SignInTestClass.pageTest()[pri:0, instance:com.qa.verizon.signin.SignInTestClass@6e0dec4a] output=[[ChromeDriver: chrome on WINDOWS (3e402d93c9ef4970e66f0027b6ea157b)] -> xpath: (//span[normalize-space(text())='Sign in'])[1]]Clicked]]]>
              </value>
            </param>
          </params>
          <reporter-output>
            <line>
              <![CDATA[Error occured!! 
Screenshot has been saved]]>
            </line>
          </reporter-output>
        </test-method> <!-- afterEachTest -->
        <test-method status="PASS" signature="quittingBrowser()[pri:0, instance:com.qa.verizon.signin.SignInTestClass@6e0dec4a]" name="quittingBrowser" is-config="true" duration-ms="0" started-at="2022-02-16T21:23:55Z" finished-at="2022-02-16T21:23:55Z">
          <reporter-output>
          </reporter-output>
        </test-method> <!-- quittingBrowser -->
      </class> <!-- com.qa.verizon.signin.SignInTestClass -->
      <class name="com.qa.verizon.shop.ShopTest">
        <test-method status="PASS" signature="initiatingExtentReports()[pri:0, instance:com.qa.verizon.shop.ShopTest@56528192]" name="initiatingExtentReports" is-config="true" duration-ms="425" started-at="2022-02-16T21:22:17Z" finished-at="2022-02-16T21:22:18Z">
          <reporter-output>
          </reporter-output>
        </test-method> <!-- initiatingExtentReports -->
        <test-method status="PASS" signature="beforeEachTest(java.lang.reflect.Method, [Ljava.lang.Object;)[pri:0, instance:com.qa.verizon.shop.ShopTest@56528192]" name="beforeEachTest" is-config="true" duration-ms="28" started-at="2022-02-16T21:22:18Z" finished-at="2022-02-16T21:22:18Z">
          <params>
            <param index="0">
              <value>
                <![CDATA[public void com.qa.verizon.shop.ShopTest.shopTest()]]>
              </value>
            </param>
            <param index="1">
              <value>
                <![CDATA[[Ljava.lang.Object;@34d52ecd]]>
              </value>
            </param>
          </params>
          <reporter-output>
          </reporter-output>
        </test-method> <!-- beforeEachTest -->
        <test-method status="PASS" signature="setUp()[pri:0, instance:com.qa.verizon.shop.ShopTest@56528192]" name="setUp" is-config="true" duration-ms="14832" started-at="2022-02-16T21:22:18Z" finished-at="2022-02-16T21:22:32Z">
          <reporter-output>
          </reporter-output>
        </test-method> <!-- setUp -->
        <test-method status="PASS" signature="shopTest()[pri:0, instance:com.qa.verizon.shop.ShopTest@56528192]" name="shopTest" duration-ms="48156" started-at="2022-02-16T21:22:32Z" finished-at="2022-02-16T21:23:21Z">
          <reporter-output>
            <line>
              <![CDATA[[[ChromeDriver: chrome on WINDOWS (1c86827b4833e70581053cb73939b95a)] -> xpath: //button[@id='gnav20-Shop-L1' and @class='gnav20-menu-label gnav20-menu-label-button gnav20-haschild']]Clicked]]>
            </line>
            <line>
              <![CDATA[[[ChromeDriver: chrome on WINDOWS (1c86827b4833e70581053cb73939b95a)] -> xpath: //a[@id='gnav20-Shop-L2-2']//parent::li]Clicked]]>
            </line>
            <line>
              <![CDATA[[[ChromeDriver: chrome on WINDOWS (1c86827b4833e70581053cb73939b95a)] -> id: gnav20-Shop-L3-38]Clicked]]>
            </line>
            <line>
              <![CDATA[[[ChromeDriver: chrome on WINDOWS (1c86827b4833e70581053cb73939b95a)] -> xpath: (//span[contains( .,'Apple')])[3]]Clicked]]>
            </line>
            <line>
              <![CDATA[Scrolling down to  0 to 250 pixel )]]>
            </line>
            <line>
              <![CDATA[Scrolling up to 250 to 0 pixel]]>
            </line>
            <line>
              <![CDATA[Scrolling down to  0 to 250 pixel )]]>
            </line>
            <line>
              <![CDATA[Proxy element for: DefaultElementLocator 'By.xpath: //span[contains(.,'Apple iPhone 8 Plus (Certified Pre-Owned)')]'Clicked]]>
            </line>
          </reporter-output>
        </test-method> <!-- shopTest -->
        <test-method status="PASS" signature="afterEachTest(org.testng.ITestResult)[pri:0, instance:com.qa.verizon.shop.ShopTest@56528192]" name="afterEachTest" is-config="true" duration-ms="1063" started-at="2022-02-16T21:23:21Z" finished-at="2022-02-16T21:23:22Z">
          <params>
            <param index="0">
              <value>
                <![CDATA[[TestResult name=shopTest status=SUCCESS method=ShopTest.shopTest()[pri:0, instance:com.qa.verizon.shop.ShopTest@56528192] output=[[ChromeDriver: chrome on WINDOWS (1c86827b4833e70581053cb73939b95a)] -> xpath: //button[@id='gnav20-Shop-L1' and @class='gnav20-menu-label gnav20-menu-label-button gnav20-haschild']]Clicked]]]>
              </value>
            </param>
          </params>
          <reporter-output>
          </reporter-output>
        </test-method> <!-- afterEachTest -->
        <test-method status="PASS" signature="quittingBrowser()[pri:0, instance:com.qa.verizon.shop.ShopTest@56528192]" name="quittingBrowser" is-config="true" duration-ms="1" started-at="2022-02-16T21:23:22Z" finished-at="2022-02-16T21:23:22Z">
          <reporter-output>
          </reporter-output>
        </test-method> <!-- quittingBrowser -->
        <test-method status="PASS" signature="endReport()[pri:0, instance:com.qa.verizon.shop.ShopTest@56528192]" name="endReport" is-config="true" duration-ms="680" started-at="2022-02-16T21:23:55Z" finished-at="2022-02-16T21:23:56Z">
          <reporter-output>
          </reporter-output>
        </test-method> <!-- endReport -->
      </class> <!-- com.qa.verizon.shop.ShopTest -->
    </test> <!-- SmokeTest -->
  </suite> <!-- SmokeSuite -->
</testng-results>
